Removed Pin From Net: NetName=NetD2_1 Pin=D2-1
Removed Pin From Net: NetName=NetD2_2 Pin=D2-2
Removed Pin From Net: NetName=NetD2_2 Pin=D2-2
Removed Pin From Net: NetName=NetD2_2 Pin=D3-1
Removed Pin From Net: NetName=NetD4_1 Pin=D4-1
Removed Pin From Net: NetName=NetD4_2 Pin=D4-2
Removed Pin From Net: NetName=NetD4_2 Pin=D4-2
Removed Pin From Net: NetName=NetD4_2 Pin=D5-1
Removed Pin From Net: NetName=NetD6_1 Pin=D6-1
Removed Pin From Net: NetName=NetD6_2 Pin=D6-2
Removed Pin From Net: NetName=NetD6_2 Pin=D6-2
Removed Pin From Net: NetName=NetD6_2 Pin=D7-1
Removed Pin From Net: NetName=NetD6_1 Pin=U1-2
Removed Pin From Net: NetName=NetD4_1 Pin=U2-2
Removed Pin From Net: NetName=NetD2_1 Pin=U3-2
Removed Member From Class: ClassName=SolarPanel7Cells Member=D2
Removed Member From Class: ClassName=SolarPanel7Cells Member=D4
Removed Member From Class: ClassName=SolarPanel7Cells Member=D6
Added Component: Designator=P1(SolAeroBJTPositive)
Add component. Clean all parameters for all variants
Added Component: Designator=P2(SolAeroBJTPositive)
Add component. Clean all parameters for all variants
Added Component: Designator=P3(SolAeroBJTPositive)
Add component. Clean all parameters for all variants
Added Pin To Net: NetName=NetD2_1 Pin=D3-1
Added Pin To Net: NetName=NetD2_2 Pin=D5-1
Added Pin To Net: NetName=NetD4_1 Pin=D7-1
Added Pin To Net: NetName=NetD4_2 Pin=P1-1
Added Pin To Net: NetName=NetD6_1 Pin=P2-1
Added Pin To Net: NetName=NetD6_2 Pin=P3-1
Added Pin To Net: NetName=NetD6_2 Pin=U1-2
Added Pin To Net: NetName=NetD6_1 Pin=U2-2
Added Pin To Net: NetName=NetD4_2 Pin=U3-2
Change Net Name : Old Net Name=NetD2_1 New Net Name=NetD3_1
Change Net Name : Old Net Name=NetD2_2 New Net Name=NetD5_1
Change Net Name : Old Net Name=NetD4_1 New Net Name=NetD7_1
Change Net Name : Old Net Name=NetD4_2 New Net Name=NetP1_1
Change Net Name : Old Net Name=NetD6_1 New Net Name=NetP2_1
Change Net Name : Old Net Name=NetD6_2 New Net Name=NetP3_1
Added Member To Class: ClassName=SolarPanel7Cells Member=Component P1 Solar Cell
Added Member To Class: ClassName=SolarPanel7Cells Member=Component P2 Solar Cell
Added Member To Class: ClassName=SolarPanel7Cells Member=Component P3 Solar Cell
