Added Component: Designator=532610471-1(532610471)
Add component. Clean all parameters for all variants
Added Component: Designator=532610471-2(532610471)
Add component. Clean all parameters for all variants
Added Component: Designator=D1(SolAeroBJTSpaceSolarCell)
Add component. Clean all parameters for all variants
Added Component: Designator=D2(SolAeroBJTSpaceSolarCell)
Add component. Clean all parameters for all variants
Added Component: Designator=D3(SolAeroBJTSpaceSolarCell)
Add component. Clean all parameters for all variants
Added Component: Designator=D4(SolAeroBJTSpaceSolarCell)
Add component. Clean all parameters for all variants
Added Component: Designator=D5(SolAeroBJTSpaceSolarCell)
Add component. Clean all parameters for all variants
Added Component: Designator=D6(SolAeroBJTSpaceSolarCell)
Add component. Clean all parameters for all variants
Added Component: Designator=D7(SolAeroBJTSpaceSolarCell)
Add component. Clean all parameters for all variants
Added Component: Designator=U1(SOD-123)
Add component. Clean all parameters for all variants
Add component (AddParameter): Name = "C"; Value = "Copyright (C) 2015 Accelerated Designs. All rights reserved"; VariantName = "[No Variations]"
Add component (AddParameter): Name = "Copyright"; Value = "Copyright (C) 2015 Accelerated Designs. All rights reserved"; VariantName = "[No Variations]"
Add component (AddParameter): Name = "Manufacturer_Part_Number"; Value = "MBR0520LT1G"; VariantName = "[No Variations]"
Add component (AddParameter): Name = "RefDes"; Value = "RefDes"; VariantName = "[No Variations]"
Add component (AddParameter): Name = "Type"; Value = "Type"; VariantName = "[No Variations]"
Add component (AddParameter): Name = "Value"; Value = "Value"; VariantName = "[No Variations]"
Add component (AddParameter): Name = "Vendor"; Value = "ON Semiconductor"; VariantName = "[No Variations]"
Added Component: Designator=U2(SOD-123)
Add component. Clean all parameters for all variants
Add component (AddParameter): Name = "C"; Value = "Copyright (C) 2015 Accelerated Designs. All rights reserved"; VariantName = "[No Variations]"
Add component (AddParameter): Name = "Copyright"; Value = "Copyright (C) 2015 Accelerated Designs. All rights reserved"; VariantName = "[No Variations]"
Add component (AddParameter): Name = "Manufacturer_Part_Number"; Value = "MBR0520LT1G"; VariantName = "[No Variations]"
Add component (AddParameter): Name = "RefDes"; Value = "RefDes"; VariantName = "[No Variations]"
Add component (AddParameter): Name = "Type"; Value = "Type"; VariantName = "[No Variations]"
Add component (AddParameter): Name = "Value"; Value = "Value"; VariantName = "[No Variations]"
Add component (AddParameter): Name = "Vendor"; Value = "ON Semiconductor"; VariantName = "[No Variations]"
Added Component: Designator=U3(SOD-123)
Add component. Clean all parameters for all variants
Add component (AddParameter): Name = "C"; Value = "Copyright (C) 2015 Accelerated Designs. All rights reserved"; VariantName = "[No Variations]"
Add component (AddParameter): Name = "Copyright"; Value = "Copyright (C) 2015 Accelerated Designs. All rights reserved"; VariantName = "[No Variations]"
Add component (AddParameter): Name = "Manufacturer_Part_Number"; Value = "MBR0520LT1G"; VariantName = "[No Variations]"
Add component (AddParameter): Name = "RefDes"; Value = "RefDes"; VariantName = "[No Variations]"
Add component (AddParameter): Name = "Type"; Value = "Type"; VariantName = "[No Variations]"
Add component (AddParameter): Name = "Value"; Value = "Value"; VariantName = "[No Variations]"
Add component (AddParameter): Name = "Vendor"; Value = "ON Semiconductor"; VariantName = "[No Variations]"
Added Pin To Net: NetName=GS PX 2.8V Pin=532610471-2-3
Added Pin To Net: NetName=GS PX 2.8V Pin=532610471-2-4
Added Pin To Net: NetName=GS PX 2.8V Pin=D1-1
Added Net: Name=GS PX 2.8V
Added Pin To Net: NetName=GS PX 5.4V Pin=532610471-1-3
Added Pin To Net: NetName=GS PX 5.4V Pin=532610471-1-4
Added Pin To Net: NetName=GS PX 5.4V Pin=U1-1
Added Pin To Net: NetName=GS PX 5.4V Pin=U2-1
Added Pin To Net: NetName=GS PX 5.4V Pin=U3-1
Added Net: Name=GS PX 5.4V
Added Pin To Net: NetName=Net532610471-1_1 Pin=532610471-1-1
Added Pin To Net: NetName=Net532610471-1_1 Pin=532610471-1-2
Added Pin To Net: NetName=Net532610471-1_1 Pin=532610471-2-1
Added Pin To Net: NetName=Net532610471-1_1 Pin=532610471-2-2
Added Pin To Net: NetName=Net532610471-1_1 Pin=D3-2
Added Pin To Net: NetName=Net532610471-1_1 Pin=D3-2
Added Pin To Net: NetName=Net532610471-1_1 Pin=D5-2
Added Pin To Net: NetName=Net532610471-1_1 Pin=D5-2
Added Pin To Net: NetName=Net532610471-1_1 Pin=D7-2
Added Pin To Net: NetName=Net532610471-1_1 Pin=D7-2
Added Net: Name=Net532610471-1_1
Added Pin To Net: NetName=NetD2_1 Pin=D2-1
Added Pin To Net: NetName=NetD2_1 Pin=U3-2
Added Net: Name=NetD2_1
Added Pin To Net: NetName=NetD2_2 Pin=D2-2
Added Pin To Net: NetName=NetD2_2 Pin=D2-2
Added Pin To Net: NetName=NetD2_2 Pin=D3-1
Added Net: Name=NetD2_2
Added Pin To Net: NetName=NetD4_1 Pin=D4-1
Added Pin To Net: NetName=NetD4_1 Pin=U2-2
Added Net: Name=NetD4_1
Added Pin To Net: NetName=NetD4_2 Pin=D4-2
Added Pin To Net: NetName=NetD4_2 Pin=D4-2
Added Pin To Net: NetName=NetD4_2 Pin=D5-1
Added Net: Name=NetD4_2
Added Pin To Net: NetName=NetD6_1 Pin=D6-1
Added Pin To Net: NetName=NetD6_1 Pin=U1-2
Added Net: Name=NetD6_1
Added Pin To Net: NetName=NetD6_2 Pin=D6-2
Added Pin To Net: NetName=NetD6_2 Pin=D6-2
Added Pin To Net: NetName=NetD6_2 Pin=D7-1
Added Net: Name=NetD6_2
Added Class: Name=SolarPanel7Cells
Added Room: Name=SolarPanel7Cells
