Added Component: Designator=532610471-1(532610471)
Add component. Clean all parameters for all variants
Added Component: Designator=532610471-2(532610471)
Add component. Clean all parameters for all variants
Added Component: Designator=D1(SolAeroBJT)
Add component. Clean all parameters for all variants
Added Component: Designator=D3(SolAeroBJT)
Add component. Clean all parameters for all variants
Added Component: Designator=D5(SolAeroBJT)
Add component. Clean all parameters for all variants
Added Component: Designator=D7(SolAeroBJT)
Add component. Clean all parameters for all variants
Added Component: Designator=P1(SolAeroBJT)
Add component. Clean all parameters for all variants
Added Component: Designator=P2(SolAeroBJT)
Add component. Clean all parameters for all variants
Added Component: Designator=P3(SolAeroBJT)
Add component. Clean all parameters for all variants
Added Component: Designator=U1(SOD-123)
Add component. Clean all parameters for all variants
Add component (AddParameter): Name = "C"; Value = "Copyright (C) 2015 Accelerated Designs. All rights reserved"; VariantName = "[No Variations]"
Add component (AddParameter): Name = "Copyright"; Value = "Copyright (C) 2015 Accelerated Designs. All rights reserved"; VariantName = "[No Variations]"
Add component (AddParameter): Name = "Manufacturer_Part_Number"; Value = "MBR0520LT1G"; VariantName = "[No Variations]"
Add component (AddParameter): Name = "RefDes"; Value = "RefDes"; VariantName = "[No Variations]"
Add component (AddParameter): Name = "Type"; Value = "Type"; VariantName = "[No Variations]"
Add component (AddParameter): Name = "Value"; Value = "Value"; VariantName = "[No Variations]"
Add component (AddParameter): Name = "Vendor"; Value = "ON Semiconductor"; VariantName = "[No Variations]"
Added Component: Designator=U2(SOD-123)
Add component. Clean all parameters for all variants
Add component (AddParameter): Name = "C"; Value = "Copyright (C) 2015 Accelerated Designs. All rights reserved"; VariantName = "[No Variations]"
Add component (AddParameter): Name = "Copyright"; Value = "Copyright (C) 2015 Accelerated Designs. All rights reserved"; VariantName = "[No Variations]"
Add component (AddParameter): Name = "Manufacturer_Part_Number"; Value = "MBR0520LT1G"; VariantName = "[No Variations]"
Add component (AddParameter): Name = "RefDes"; Value = "RefDes"; VariantName = "[No Variations]"
Add component (AddParameter): Name = "Type"; Value = "Type"; VariantName = "[No Variations]"
Add component (AddParameter): Name = "Value"; Value = "Value"; VariantName = "[No Variations]"
Add component (AddParameter): Name = "Vendor"; Value = "ON Semiconductor"; VariantName = "[No Variations]"
Added Component: Designator=U3(SOD-123)
Add component. Clean all parameters for all variants
Add component (AddParameter): Name = "C"; Value = "Copyright (C) 2015 Accelerated Designs. All rights reserved"; VariantName = "[No Variations]"
Add component (AddParameter): Name = "Copyright"; Value = "Copyright (C) 2015 Accelerated Designs. All rights reserved"; VariantName = "[No Variations]"
Add component (AddParameter): Name = "Manufacturer_Part_Number"; Value = "MBR0520LT1G"; VariantName = "[No Variations]"
Add component (AddParameter): Name = "RefDes"; Value = "RefDes"; VariantName = "[No Variations]"
Add component (AddParameter): Name = "Type"; Value = "Type"; VariantName = "[No Variations]"
Add component (AddParameter): Name = "Value"; Value = "Value"; VariantName = "[No Variations]"
Add component (AddParameter): Name = "Vendor"; Value = "ON Semiconductor"; VariantName = "[No Variations]"
Added Component: Designator=U4(SOD-123)
Add component. Clean all parameters for all variants
Add component (AddParameter): Name = "C"; Value = "Copyright (C) 2015 Accelerated Designs. All rights reserved"; VariantName = "[No Variations]"
Add component (AddParameter): Name = "Copyright"; Value = "Copyright (C) 2015 Accelerated Designs. All rights reserved"; VariantName = "[No Variations]"
Add component (AddParameter): Name = "Manufacturer_Part_Number"; Value = "MBR0520LT1G"; VariantName = "[No Variations]"
Add component (AddParameter): Name = "RefDes"; Value = "RefDes"; VariantName = "[No Variations]"
Add component (AddParameter): Name = "Type"; Value = "Type"; VariantName = "[No Variations]"
Add component (AddParameter): Name = "Value"; Value = "Value"; VariantName = "[No Variations]"
Add component (AddParameter): Name = "Vendor"; Value = "ON Semiconductor"; VariantName = "[No Variations]"
Added Pin To Net: NetName=C1 PV Pin=D1-1
Added Pin To Net: NetName=C1 PV Pin=U4-2
Added Net: Name=C1 PV
Added Pin To Net: NetName=C1 VSC Pin=532610471-2-4
Added Pin To Net: NetName=C1 VSC Pin=U4-1
Added Net: Name=C1 VSC
Added Pin To Net: NetName=GND Pin=532610471-1-1
Added Pin To Net: NetName=GND Pin=532610471-1-2
Added Pin To Net: NetName=GND Pin=532610471-2-1
Added Pin To Net: NetName=GND Pin=532610471-2-2
Added Pin To Net: NetName=GND Pin=D1-2
Added Pin To Net: NetName=GND Pin=D1-2
Added Pin To Net: NetName=GND Pin=D3-2
Added Pin To Net: NetName=GND Pin=D3-2
Added Pin To Net: NetName=GND Pin=D5-2
Added Pin To Net: NetName=GND Pin=D5-2
Added Pin To Net: NetName=GND Pin=D7-2
Added Pin To Net: NetName=GND Pin=D7-2
Added Net: Name=GND
Added Pin To Net: NetName=P1 PV C1 Pin=D7-1
Added Pin To Net: NetName=P1 PV C1 Pin=P3-2
Added Pin To Net: NetName=P1 PV C1 Pin=P3-2
Added Net: Name=P1 PV C1
Added Pin To Net: NetName=P1 PV C2 Pin=P3-1
Added Pin To Net: NetName=P1 PV C2 Pin=U1-2
Added Net: Name=P1 PV C2
Added Pin To Net: NetName=P1 VSC Pin=532610471-1-3
Added Pin To Net: NetName=P1 VSC Pin=U1-1
Added Net: Name=P1 VSC
Added Pin To Net: NetName=P2 PV C1 Pin=D5-1
Added Pin To Net: NetName=P2 PV C1 Pin=P2-2
Added Pin To Net: NetName=P2 PV C1 Pin=P2-2
Added Net: Name=P2 PV C1
Added Pin To Net: NetName=P2 PV C2 Pin=P2-1
Added Pin To Net: NetName=P2 PV C2 Pin=U2-2
Added Net: Name=P2 PV C2
Added Pin To Net: NetName=P2 VSC Pin=532610471-1-4
Added Pin To Net: NetName=P2 VSC Pin=U2-1
Added Net: Name=P2 VSC
Added Pin To Net: NetName=P3 PV C1 Pin=D3-1
Added Pin To Net: NetName=P3 PV C1 Pin=P1-2
Added Pin To Net: NetName=P3 PV C1 Pin=P1-2
Added Net: Name=P3 PV C1
Added Pin To Net: NetName=P3 PV C2 Pin=P1-1
Added Pin To Net: NetName=P3 PV C2 Pin=U3-2
Added Net: Name=P3 PV C2
Added Pin To Net: NetName=P3 VSC Pin=532610471-2-3
Added Pin To Net: NetName=P3 VSC Pin=U3-1
Added Net: Name=P3 VSC
Added Member To Class: ClassName=SolarPanel7Cells Member=Component 532610471-1 Connector 4POS Molex PicoBlade
Added Member To Class: ClassName=SolarPanel7Cells Member=Component 532610471-2 Connector 4POS Molex PicoBlade
Added Member To Class: ClassName=SolarPanel7Cells Member=Component D1 Solar Cell
Added Member To Class: ClassName=SolarPanel7Cells Member=Component D3 Solar Cell
Added Member To Class: ClassName=SolarPanel7Cells Member=Component D5 Solar Cell
Added Member To Class: ClassName=SolarPanel7Cells Member=Component D7 Solar Cell
Added Member To Class: ClassName=SolarPanel7Cells Member=Component P1 Solar Cell
Added Member To Class: ClassName=SolarPanel7Cells Member=Component P2 Solar Cell
Added Member To Class: ClassName=SolarPanel7Cells Member=Component P3 Solar Cell
Added Member To Class: ClassName=SolarPanel7Cells Member=Component U1 MBR0520LT1G
Added Member To Class: ClassName=SolarPanel7Cells Member=Component U2 MBR0520LT1G
Added Member To Class: ClassName=SolarPanel7Cells Member=Component U3 MBR0520LT1G
Added Member To Class: ClassName=SolarPanel7Cells Member=Component U4 MBR0520LT1G
